Unity Editor version:    2020.3.20f1 (41c4e627c95f)
Branch:                  2020.3/staging
Build type:              Release
Batch mode:              YES
System name:             Linux
Distro version:          #47~20.04.2-Ubuntu SMP Mon Dec 13 11:06:56 UTC 2021
Kernel version:          5.11.0-43-generic
Architecture:            x86_64
Available memory:        15871 MB
Using pre-set license
Pro License: NO
Desktop is 1920 x 1080 @ 60 Hz

COMMAND LINE ARGUMENTS:
Unity
-adb2
-batchMode
-noUpm
-name
AssetImportWorker0
-projectPath
/home/irizqyakbr/Unity/Projects/mini_proyek/knight
-logFile
Logs/AssetImportWorker0.log
-srvPort
44061
Successfully changed project path to: /home/irizqyakbr/Unity/Projects/mini_proyek/knight
/home/irizqyakbr/Unity/Projects/mini_proyek/knight
Using Asset Import Pipeline V2.
Refreshing native plugins compatible for Editor in 42,29 ms, found 1 plugins.
Preloading 0 native plugins for Editor in 0,00 ms.
Initialize engine version: 2020.3.20f1 (41c4e627c95f)
[Subsystems] Discovering subsystems at path /home/irizqyakbr/Unity/Hub/Editor/2020.3.20f1/Editor/Data/Resources/UnitySubsystems
[Subsystems] Discovering subsystems at path /home/irizqyakbr/Unity/Projects/mini_proyek/knight/Assets
GLX Extensions: GLX_ARB_create_context GLX_ARB_create_context_no_error GLX_ARB_create_context_profile GLX_ARB_create_context_robustness GLX_ARB_fbconfig_float GLX_ARB_framebuffer_sRGB GLX_ARB_get_proc_address GLX_ARB_multisample GLX_EXT_buffer_age GLX_EXT_create_context_es2_profile GLX_EXT_create_context_es_profile GLX_EXT_fbconfig_packed_float GLX_EXT_framebuffer_sRGB GLX_EXT_import_context GLX_EXT_swap_control GLX_EXT_swap_control_tear GLX_EXT_texture_from_pixmap GLX_EXT_visual_info GLX_EXT_visual_rating GLX_INTEL_swap_event GLX_MESA_copy_sub_buffer GLX_MESA_query_renderer GLX_MESA_swap_control GLX_OML_swap_method GLX_OML_sync_control GLX_SGIS_multisample GLX_SGIX_fbconfig GLX_SGIX_pbuffer GLX_SGIX_visual_select_group GLX_SGI_make_current_read GLX_SGI_swap_control GLX_SGI_video_sync 
Renderer: Mesa Intel(R) UHD Graphics (CML GT2)
Vendor:   Intel
Version:  4.6 (Core Profile) Mesa 21.0.3
GLES:     0
 GL_3DFX_texture_compression_FXT1 GL_AMD_conservative_depth GL_AMD_depth_clamp_separate GL_AMD_draw_buffers_blend GL_AMD_gpu_shader_int64 GL_AMD_multi_draw_indirect GL_AMD_performance_monitor GL_AMD_pinned_memory GL_AMD_query_buffer_object GL_AMD_seamless_cubemap_per_texture GL_AMD_shader_stencil_export GL_AMD_shader_trinary_minmax GL_AMD_texture_texture4 GL_AMD_vertex_shader_layer GL_AMD_vertex_shader_viewport_index GL_ANGLE_texture_compression_dxt3 GL_ANGLE_texture_compression_dxt5 GL_ARB_ES2_compatibility GL_ARB_ES3_1_compatibility GL_ARB_ES3_2_compatibility GL_ARB_ES3_compatibility GL_ARB_arrays_of_arrays GL_ARB_base_instance GL_ARB_blend_func_extended GL_ARB_buffer_storage GL_ARB_clear_buffer_object GL_ARB_clear_texture GL_ARB_clip_control GL_ARB_compressed_texture_pixel_storage GL_ARB_compute_shader GL_ARB_compute_variable_group_size GL_ARB_conditional_render_inverted GL_ARB_conservative_depth GL_ARB_copy_buffer GL_ARB_copy_image GL_ARB_cull_distance GL_ARB_debug_output GL_ARB_depth_buffer_float GL_ARB
_depth_clamp GL_ARB_derivative_control GL_ARB_direct_state_access GL_ARB_draw_buffers GL_ARB_draw_buffers_blend GL_ARB_draw_elements_base_vertex GL_ARB_draw_indirect GL_ARB_draw_instanced GL_ARB_enhanced_layouts GL_ARB_explicit_attrib_location GL_ARB_explicit_uniform_location GL_ARB_fragment_coord_conventions GL_ARB_fragment_layer_viewport GL_ARB_fragment_shader GL_ARB_fragment_shader_interlock GL_ARB_framebuffer_no_attachments GL_ARB_framebuffer_object GL_ARB_framebuffer_sRGB GL_ARB_get_program_binary GL_ARB_get_texture_sub_image GL_ARB_gl_spirv GL_ARB_gpu_shader5 GL_ARB_gpu_shader_fp64 GL_ARB_gpu_shader_int64 GL_ARB_half_float_pixel GL_ARB_half_float_vertex GL_ARB_indirect_parameters GL_ARB_instanced_arrays GL_ARB_internalformat_query GL_ARB_internalformat_query2 GL_ARB_invalidate_subdata GL_ARB_map_buffer_alignment GL_ARB_map_buffer_range GL_ARB_multi_bind GL_ARB_multi_draw_indirect GL_ARB_occlusion_query2 GL_ARB_parallel_shader_compile GL_ARB_pipeline_statistics_query GL_ARB_pixel_buffer_object GL_ARB_po
int_sprite GL_ARB_polygon_offset_clamp GL_ARB_post_depth_coverage GL_ARB_program_interface_query GL_ARB_provoking_vertex GL_ARB_query_buffer_object GL_ARB_robust_buffer_access_behavior GL_ARB_robustness GL_ARB_sample_shading GL_ARB_sampler_objects GL_ARB_seamless_cube_map GL_ARB_seamless_cubemap_per_texture GL_ARB_separate_shader_objects GL_ARB_shader_atomic_counter_ops GL_ARB_shader_atomic_counters GL_ARB_shader_ballot GL_ARB_shader_bit_encoding GL_ARB_shader_clock GL_ARB_shader_draw_parameters GL_ARB_shader_group_vote GL_ARB_shader_image_load_store GL_ARB_shader_image_size GL_ARB_shader_objects GL_ARB_shader_precision GL_ARB_shader_stencil_export GL_ARB_shader_storage_buffer_object GL_ARB_shader_subroutine GL_ARB_shader_texture_image_samples GL_ARB_shader_texture_lod GL_ARB_shader_viewport_layer_array GL_ARB_shading_language_420pack GL_ARB_shading_language_include GL_ARB_shading_language_packing GL_ARB_spirv_extensions GL_ARB_stencil_texturing GL_ARB_sync GL_ARB_tessellation_shader GL_ARB_texture_barrier G
L_ARB_texture_buffer_object GL_ARB_texture_buffer_object_rgb32 GL_ARB_texture_buffer_range GL_ARB_texture_compression_bptc GL_ARB_texture_compression_rgtc GL_ARB_texture_cube_map_array GL_ARB_texture_filter_anisotropic GL_ARB_texture_float GL_ARB_texture_gather GL_ARB_texture_mirror_clamp_to_edge GL_ARB_texture_multisample GL_ARB_texture_non_power_of_two GL_ARB_texture_query_levels GL_ARB_texture_query_lod GL_ARB_texture_rectangle GL_ARB_texture_rg GL_ARB_texture_rgb10_a2ui GL_ARB_texture_stencil8 GL_ARB_texture_storage GL_ARB_texture_storage_multisample GL_ARB_texture_swizzle GL_ARB_texture_view GL_ARB_timer_query GL_ARB_transform_feedback2 GL_ARB_transform_feedback3 GL_ARB_transform_feedback_instanced GL_ARB_transform_feedback_overflow_query GL_ARB_uniform_buffer_object GL_ARB_vertex_array_bgra GL_ARB_vertex_array_object GL_ARB_vertex_attrib_64bit GL_ARB_vertex_attrib_binding GL_ARB_vertex_buffer_object GL_ARB_vertex_shader GL_ARB_vertex_type_10f_11f_11f_rev GL_ARB_vertex_type_2_10_10_10_rev GL_ARB_viewpor
t_array GL_ATI_blend_equation_separate GL_ATI_texture_float GL_EXT_EGL_image_storage GL_EXT_EGL_sync GL_EXT_abgr GL_EXT_blend_equation_separate GL_EXT_demote_to_helper_invocation GL_EXT_draw_buffers2 GL_EXT_draw_instanced GL_EXT_framebuffer_blit GL_EXT_framebuffer_multisample GL_EXT_framebuffer_multisample_blit_scaled GL_EXT_framebuffer_object GL_EXT_framebuffer_sRGB GL_EXT_packed_depth_stencil GL_EXT_packed_float GL_EXT_pixel_buffer_object GL_EXT_polygon_offset_clamp GL_EXT_provoking_vertex GL_EXT_semaphore GL_EXT_semaphore_fd GL_EXT_shader_framebuffer_fetch GL_EXT_shader_framebuffer_fetch_non_coherent GL_EXT_shader_integer_mix GL_EXT_shader_samples_identical GL_EXT_texture_array GL_EXT_texture_compression_dxt1 GL_EXT_texture_compression_rgtc GL_EXT_texture_compression_s3tc GL_EXT_texture_filter_anisotropic GL_EXT_texture_integer GL_EXT_texture_sRGB GL_EXT_texture_sRGB_R8 GL_EXT_texture_sRGB_decode GL_EXT_texture_shadow_lod GL_EXT_texture_shared_exponent GL_EXT_texture_snorm GL_EXT_texture_swizzle GL_EXT_ti
mer_query GL_EXT_transform_feedback GL_EXT_vertex_array_bgra GL_EXT_vertex_attrib_64bit GL_IBM_multimode_draw_arrays GL_INTEL_blackhole_render GL_INTEL_conservative_rasterization GL_INTEL_performance_query GL_INTEL_shader_atomic_float_minmax GL_INTEL_shader_integer_functions2 GL_KHR_blend_equation_advanced GL_KHR_blend_equation_advanced_coherent GL_KHR_context_flush_control GL_KHR_debug GL_KHR_no_error GL_KHR_parallel_shader_compile GL_KHR_robust_buffer_access_behavior GL_KHR_robustness GL_KHR_texture_compression_astc_ldr GL_KHR_texture_compression_astc_sliced_3d GL_MESA_framebuffer_flip_y GL_MESA_pack_invert GL_MESA_shader_integer_functions GL_MESA_texture_signed_rgba GL_NV_compute_shader_derivatives GL_NV_conditional_render GL_NV_copy_image GL_NV_depth_clamp GL_NV_fragment_shader_interlock GL_NV_packed_depth_stencil GL_NV_texture_barrier GL_OES_EGL_image GL_S3_s3tc
OPENGL LOG: Creating OpenGL 4.6 graphics device ; Context level  <OpenGL 4.5> ; Context handle 1635524624
Initialize mono
Mono path[0] = '/home/irizqyakbr/Unity/Hub/Editor/2020.3.20f1/Editor/Data/Managed'
Mono path[1] = '/home/irizqyakbr/Unity/Hub/Editor/2020.3.20f1/Editor/Data/MonoBleedingEdge/lib/mono/unityjit'
Mono config path = '/home/irizqyakbr/Unity/Hub/Editor/2020.3.20f1/Editor/Data/MonoBleedingEdge/etc'
Using monoOptions --debugger-agent=transport=dt_socket,embedding=1,server=y,suspend=n,address=127.0.0.1:56086
Begin MonoManager ReloadAssembly
Registering precompiled unity dll's ...
Register platform support module: /home/irizqyakbr/Unity/Hub/Editor/2020.3.20f1/Editor/Data/PlaybackEngines/WindowsStandaloneSupport/UnityEditor.WindowsStandalone.Extensions.dll
Register platform support module: /home/irizqyakbr/Unity/Hub/Editor/2020.3.20f1/Editor/Data/PlaybackEngines/LinuxStandaloneSupport/UnityEditor.LinuxStandalone.Extensions.dll
Registered in 0,000939 seconds.
Native extension for LinuxStandalone target not found
Native extension for WindowsStandalone target not found
Refreshing native plugins compatible for Editor in 37,81 ms, found 1 plugins.
Preloading 0 native plugins for Editor in 0,00 ms.
Mono: successfully reloaded assembly
- Completed reload, in  0,836 seconds
Domain Reload Profiling:
	ReloadAssembly (836ms)
		BeginReloadAssembly (23ms)
			ExecutionOrderSort (0ms)
			DisableScriptedObjects (0ms)
			BackupInstance (0ms)
			ReleaseScriptingObjects (0ms)
			CreateAndSetChildDomain (1ms)
		EndReloadAssembly (348ms)
			LoadAssemblies (22ms)
			RebuildTransferFunctionScriptingTraits (0ms)
			SetupTypeCache (124ms)
			ReleaseScriptCaches (0ms)
			RebuildScriptCaches (35ms)
			SetupLoadedEditorAssemblies (147ms)
				LogAssemblyErrors (0ms)
				InitializePlatformSupportModulesInManaged (4ms)
				SetLoadedEditorAssemblies (0ms)
				RefreshPlugins (38ms)
				BeforeProcessingInitializeOnLoad (7ms)
				ProcessInitializeOnLoadAttributes (74ms)
				ProcessInitializeOnLoadMethodAttributes (23ms)
				AfterProcessingInitializeOnLoad (0ms)
				EditorAssembliesLoaded (0ms)
			ExecutionOrderSort2 (0ms)
			AwakeInstancesAfterBackupRestoration (0ms)
Platform modules already initialized, skipping
Registering precompiled user dll's ...
Registered in 0,001359 seconds.
Begin MonoManager ReloadAssembly
Native extension for LinuxStandalone target not found
Native extension for WindowsStandalone target not found
Refreshing native plugins compatible for Editor in 34,55 ms, found 1 plugins.
Preloading 0 native plugins for Editor in 0,00 ms.
Mono: successfully reloaded assembly
- Completed reload, in  0,834 seconds
Domain Reload Profiling:
	ReloadAssembly (835ms)
		BeginReloadAssembly (92ms)
			ExecutionOrderSort (0ms)
			DisableScriptedObjects (4ms)
			BackupInstance (0ms)
			ReleaseScriptingObjects (0ms)
			CreateAndSetChildDomain (13ms)
		EndReloadAssembly (699ms)
			LoadAssemblies (50ms)
			RebuildTransferFunctionScriptingTraits (0ms)
			SetupTypeCache (226ms)
			ReleaseScriptCaches (0ms)
			RebuildScriptCaches (49ms)
			SetupLoadedEditorAssemblies (272ms)
				LogAssemblyErrors (0ms)
				InitializePlatformSupportModulesInManaged (9ms)
				SetLoadedEditorAssemblies (0ms)
				RefreshPlugins (35ms)
				BeforeProcessingInitializeOnLoad (50ms)
				ProcessInitializeOnLoadAttributes (167ms)
				ProcessInitializeOnLoadMethodAttributes (10ms)
				AfterProcessingInitializeOnLoad (3ms)
				EditorAssembliesLoaded (0ms)
			ExecutionOrderSort2 (0ms)
			AwakeInstancesAfterBackupRestoration (5ms)
Platform modules already initialized, skipping
========================================================================
Worker process is ready to serve import requests
Launched and connected shader compiler UnityShaderCompiler after 0.01 seconds
Refreshing native plugins compatible for Editor in 0,49 ms, found 1 plugins.
Preloading 0 native plugins for Editor in 0,00 ms.
Unloading 2119 Unused Serialized files (Serialized files now loaded: 0)
System memory in use before: 88,3 MB.
System memory in use after: 88,3 MB.

Unloading 26 unused Assets to reduce memory usage. Loaded Objects now: 2558.
Total: 4,554534 ms (FindLiveObjects: 0,225495 ms CreateObjectMapping: 0,135404 ms MarkObjects: 4,036623 ms  DeleteObjects: 0,156343 ms)

AssetImportParameters requested are different than current active one (requested -> active):
  custom:video-decoder-ogg-theora: a1e56fd34408186e4bbccfd4996cb3dc -> 
  custom:container-muxer-webm: aa71ff27fc2769a1b78a27578f13a17b -> 
  custom:container-demuxer-webm: 4f35f7cbe854078d1ac9338744f61a02 -> 
  custom:container-demuxer-ogg: 62fdf1f143b41e24485cea50d1cbac27 -> 
  custom:video-encoder-webm-vp8: eb34c28f22e8b96e1ab97ce403110664 -> 
  custom:video-decoder-webm-vp8: 9c59270c3fd7afecdb556c50c9e8de78 -> 
  custom:audio-decoder-ogg-vorbis: bf7c407c2cedff20999df2af8eb42d56 -> 
  custom:audio-encoder-webm-vorbis: bf7c407c2cedff20999df2af8eb42d56 -> 
========================================================================
Received Import Request.
  path: Assets/Sprites/knight_idle.png
  artifactKey: Guid(96238e894efb33c40a84e9170640b311) Importer(815301076,1909f56bfc062723c751e8b465ee728b)
Start importing Assets/Sprites/knight_idle.png using Guid(96238e894efb33c40a84e9170640b311) Importer(815301076,1909f56bfc062723c751e8b465ee728b)  -> (artifact id: 'df51ccd4a0e76d110a6075ffc8e778c1') in 0,101272 seconds 
  Import took 0,104519 seconds .

========================================================================
Received Import Request.
  Time since last request: 0,000133 seconds.
  path: Assets/Sprites/dragon_attack.png
  artifactKey: Guid(dc5239d2ffa870a4f89b9ddfbf0d24f6) Importer(815301076,1909f56bfc062723c751e8b465ee728b)
Start importing Assets/Sprites/dragon_attack.png using Guid(dc5239d2ffa870a4f89b9ddfbf0d24f6) Importer(815301076,1909f56bfc062723c751e8b465ee728b)  -> (artifact id: 'e731c10dad40552911b42301e577c74a') in 0,029698 seconds 
  Import took 0,032083 seconds .

========================================================================
Received Import Request.
  Time since last request: 0,000108 seconds.
  path: Assets/Sprites/princess_idle.png
  artifactKey: Guid(2130abd9913e08e459a3b0000d05ccc3) Importer(815301076,1909f56bfc062723c751e8b465ee728b)
Start importing Assets/Sprites/princess_idle.png using Guid(2130abd9913e08e459a3b0000d05ccc3) Importer(815301076,1909f56bfc062723c751e8b465ee728b)  -> (artifact id: '62a97ba37d6f6ccd33198f86db82b88b') in 0,052480 seconds 
  Import took 0,054923 seconds .

========================================================================
Received Import Request.
  Time since last request: 0,000151 seconds.
  path: Assets/Sprites/dragon_walk.png
  artifactKey: Guid(b051b6173d6e3a548895c354a884b421) Importer(815301076,1909f56bfc062723c751e8b465ee728b)
Start importing Assets/Sprites/dragon_walk.png using Guid(b051b6173d6e3a548895c354a884b421) Importer(815301076,1909f56bfc062723c751e8b465ee728b)  -> (artifact id: 'c233a345922dae759c5f460083900c78') in 0,028943 seconds 
  Import took 0,031482 seconds .

========================================================================
Received Import Request.
  Time since last request: 0,000131 seconds.
  path: Assets/Sprites/knight_attack.png
  artifactKey: Guid(eedab6e174426ff4296188f3538d469d) Importer(815301076,1909f56bfc062723c751e8b465ee728b)
Start importing Assets/Sprites/knight_attack.png using Guid(eedab6e174426ff4296188f3538d469d) Importer(815301076,1909f56bfc062723c751e8b465ee728b)  -> (artifact id: '0ffac939f6b101ece73b6e335a3ee327') in 0,037018 seconds 
  Import took 0,039302 seconds .

========================================================================
Received Import Request.
  Time since last request: 0,000187 seconds.
  path: Assets/Sprites/dragon_idle.png
  artifactKey: Guid(f69a974789e7bf340b2f6509eab6ff71) Importer(815301076,1909f56bfc062723c751e8b465ee728b)
Start importing Assets/Sprites/dragon_idle.png using Guid(f69a974789e7bf340b2f6509eab6ff71) Importer(815301076,1909f56bfc062723c751e8b465ee728b)  -> (artifact id: '3bfc2d527a8d27319d0c7dc81b27693e') in 0,036939 seconds 
  Import took 0,039554 seconds .

========================================================================
Received Import Request.
  Time since last request: 0,000120 seconds.
  path: Assets/Sprites/knight_walk.png
  artifactKey: Guid(a8c92d715a37da447956eef2efc3d128) Importer(815301076,1909f56bfc062723c751e8b465ee728b)
Start importing Assets/Sprites/knight_walk.png using Guid(a8c92d715a37da447956eef2efc3d128) Importer(815301076,1909f56bfc062723c751e8b465ee728b)  -> (artifact id: '15c78b6cf096feb6f489c195269d9b26') in 0,032838 seconds 
  Import took 0,035198 seconds .

========================================================================
Received Import Request.
  Time since last request: 1,389344 seconds.
  path: Assets/Resources/attack.wav
  artifactKey: Guid(c721694e10cdf294ba1544b5b1132d6c) Importer(815301076,1909f56bfc062723c751e8b465ee728b)
Start importing Assets/Resources/attack.wav using Guid(c721694e10cdf294ba1544b5b1132d6c) Importer(815301076,1909f56bfc062723c751e8b465ee728b)  -> (artifact id: 'e1102fc5f6df75b877ee4969e86299f7') in 0,021605 seconds 
  Import took 0,025665 seconds .

========================================================================
Received Import Request.
  Time since last request: 0,000229 seconds.
  path: Assets/Resources/walk.wav
  artifactKey: Guid(3d8f480d252db9449b2f978284506f8e) Importer(815301076,1909f56bfc062723c751e8b465ee728b)
Start importing Assets/Resources/walk.wav using Guid(3d8f480d252db9449b2f978284506f8e) Importer(815301076,1909f56bfc062723c751e8b465ee728b)  -> (artifact id: '58311430fee451030b1b0e1adeadf891') in 0,003823 seconds 
  Import took 0,005983 seconds .

========================================================================
Received Import Request.
  Time since last request: 0,000181 seconds.
  path: Assets/Resources/the epic 2 (background).mp3
  artifactKey: Guid(c65c6768b34465a4dba2ab93bdfb624d) Importer(815301076,1909f56bfc062723c751e8b465ee728b)
Start importing Assets/Resources/the epic 2 (background).mp3 using Guid(c65c6768b34465a4dba2ab93bdfb624d) Importer(815301076,1909f56bfc062723c751e8b465ee728b)  -> (artifact id: '2170e38dec97f1b2f8345ff50f258685') in 0,004013 seconds 
  Import took 0,006481 seconds .

========================================================================
Received Import Request.
  Time since last request: 0,000158 seconds.
  path: Assets/Resources/Cursor2.ogg
  artifactKey: Guid(aeeb004e4aebb0f41b40377eee16a3d7) Importer(815301076,1909f56bfc062723c751e8b465ee728b)
Start importing Assets/Resources/Cursor2.ogg using Guid(aeeb004e4aebb0f41b40377eee16a3d7) Importer(815301076,1909f56bfc062723c751e8b465ee728b)  -> (artifact id: '980f88374f0af80e14dda4ba3365321f') in 0,005003 seconds 
  Import took 0,007335 seconds .

========================================================================
Received Import Request.
  Time since last request: 0,000164 seconds.
  path: Assets/Resources/complete.wav
  artifactKey: Guid(0555a3ac51a54944bb698ca9cbd84fc0) Importer(815301076,1909f56bfc062723c751e8b465ee728b)
Start importing Assets/Resources/complete.wav using Guid(0555a3ac51a54944bb698ca9cbd84fc0) Importer(815301076,1909f56bfc062723c751e8b465ee728b)  -> (artifact id: '2ee35f1c9bff4edfab9fda2ebc9e2987') in 0,004308 seconds 
  Import took 0,006903 seconds .

========================================================================
Received Import Request.
  Time since last request: 0,000202 seconds.
  path: Assets/Resources/playerDeath.wav
  artifactKey: Guid(921f56c5b0b1c114c8911fa05fdd3c20) Importer(815301076,1909f56bfc062723c751e8b465ee728b)
Start importing Assets/Resources/playerDeath.wav using Guid(921f56c5b0b1c114c8911fa05fdd3c20) Importer(815301076,1909f56bfc062723c751e8b465ee728b)  -> (artifact id: '63024df5f26631cf9891a4b60b052c1e') in 0,004820 seconds 
  Import took 0,007725 seconds .

========================================================================
Received Import Request.
  Time since last request: 0,000145 seconds.
  path: Assets/Resources/enemyDeath.wav
  artifactKey: Guid(95cc25cf66617764e8d3e26e83d76c76) Importer(815301076,1909f56bfc062723c751e8b465ee728b)
Start importing Assets/Resources/enemyDeath.wav using Guid(95cc25cf66617764e8d3e26e83d76c76) Importer(815301076,1909f56bfc062723c751e8b465ee728b)  -> (artifact id: 'cabca9d7a5577e4cf4a4ead457ae08de') in 0,005063 seconds 
  Import took 0,007564 seconds .

========================================================================
Received Import Request.
  Time since last request: 0,000071 seconds.
  path: Assets/Resources/Castle2.ogg
  artifactKey: Guid(75b9a3163a3c0914c9839529bd5e0196) Importer(815301076,1909f56bfc062723c751e8b465ee728b)
Start importing Assets/Resources/Castle2.ogg using Guid(75b9a3163a3c0914c9839529bd5e0196) Importer(815301076,1909f56bfc062723c751e8b465ee728b)  -> (artifact id: 'b3a74dd45558d8b3e7f06d034746d6e7') in 0,005824 seconds 
  Import took 0,008720 seconds .

========================================================================
Received Import Request.
  Time since last request: 0,000085 seconds.
  path: Assets/Resources/saw.wav
  artifactKey: Guid(484a77d5bdd29a147b00c21db8ce78fb) Importer(815301076,1909f56bfc062723c751e8b465ee728b)
Start importing Assets/Resources/saw.wav using Guid(484a77d5bdd29a147b00c21db8ce78fb) Importer(815301076,1909f56bfc062723c751e8b465ee728b)  -> (artifact id: '441da2ff7c25362b2787bb1fc7695d6b') in 0,004084 seconds 
  Import took 0,006968 seconds .

========================================================================
Received Import Request.
  Time since last request: 0,000123 seconds.
  path: Assets/Resources/jump.wav
  artifactKey: Guid(6a3f310793f721e4f9bbd3b116c35390) Importer(815301076,1909f56bfc062723c751e8b465ee728b)
Start importing Assets/Resources/jump.wav using Guid(6a3f310793f721e4f9bbd3b116c35390) Importer(815301076,1909f56bfc062723c751e8b465ee728b)  -> (artifact id: 'dee425c3bf664cee3f2194813860caf8') in 0,004427 seconds 
  Import took 0,006853 seconds .

========================================================================
Received Import Request.
  Time since last request: 0,000189 seconds.
  path: Assets/Resources/saw before.wav
  artifactKey: Guid(9bccfa1b64a13384699b89d348593810) Importer(815301076,1909f56bfc062723c751e8b465ee728b)
Start importing Assets/Resources/saw before.wav using Guid(9bccfa1b64a13384699b89d348593810) Importer(815301076,1909f56bfc062723c751e8b465ee728b)  -> (artifact id: '07e4c340d6e7ff89fc74289abec0e2eb') in 0,003990 seconds 
  Import took 0,006811 seconds .

========================================================================
Received Import Request.
  Time since last request: 0,853327 seconds.
  path: Assets/Prefabs/4Z_2101.w017.n001.354B.p15.354 1.png
  artifactKey: Guid(638a2aa7e8033324cb8d5b26f5db7624) Importer(815301076,1909f56bfc062723c751e8b465ee728b)
Start importing Assets/Prefabs/4Z_2101.w017.n001.354B.p15.354 1.png using Guid(638a2aa7e8033324cb8d5b26f5db7624) Importer(815301076,1909f56bfc062723c751e8b465ee728b)  -> (artifact id: 'c355ca56b86e66c3c21642c123c77654') in 0,022047 seconds 
  Import took 0,028002 seconds .

========================================================================
Received Import Request.
  Time since last request: 0,000254 seconds.
  path: Assets/Prefabs/Ground Mini.prefab
  artifactKey: Guid(3de265520727352d1b7df995b4a5468b) Importer(815301076,1909f56bfc062723c751e8b465ee728b)
Start importing Assets/Prefabs/Ground Mini.prefab using Guid(3de265520727352d1b7df995b4a5468b) Importer(815301076,1909f56bfc062723c751e8b465ee728b)  -> (artifact id: '4c592c48642863a2940fcbcbabb5393a') in 0,027821 seconds 
  Import took 0,031689 seconds .

========================================================================
Received Import Request.
  Time since last request: 0,000161 seconds.
  path: Assets/Prefabs/Spike.prefab
  artifactKey: Guid(f8abfa444d9d89df3b3e2b0b2d389a81) Importer(815301076,1909f56bfc062723c751e8b465ee728b)
Start importing Assets/Prefabs/Spike.prefab using Guid(f8abfa444d9d89df3b3e2b0b2d389a81) Importer(815301076,1909f56bfc062723c751e8b465ee728b)  -> (artifact id: 'a4741fc6dfd034da5b581dc6d4735f02') in 0,005334 seconds 
  Import took 0,007860 seconds .

========================================================================
Received Import Request.
  Time since last request: 0,000078 seconds.
  path: Assets/Prefabs/Acak.png
  artifactKey: Guid(a5aec471117e89743bdeb091846aa2a2) Importer(815301076,1909f56bfc062723c751e8b465ee728b)
Start importing Assets/Prefabs/Acak.png using Guid(a5aec471117e89743bdeb091846aa2a2) Importer(815301076,1909f56bfc062723c751e8b465ee728b)  -> (artifact id: '4f94fc4a6384059890199ad6165d5caf') in 0,010281 seconds 
  Import took 0,013079 seconds .

========================================================================
Received Import Request.
  Time since last request: 0,000133 seconds.
  path: Assets/Prefabs/Enemy.prefab
  artifactKey: Guid(b0112fc8942ce18e3af56b169f0ca132) Importer(815301076,1909f56bfc062723c751e8b465ee728b)
Start importing Assets/Prefabs/Enemy.prefab using Guid(b0112fc8942ce18e3af56b169f0ca132) Importer(815301076,1909f56bfc062723c751e8b465ee728b)  -> (artifact id: '51bfe593165ee3b0ca61ecb59f7592ce') in 0,008687 seconds 
  Import took 0,011269 seconds .

========================================================================
Received Import Request.
  Time since last request: 0,000156 seconds.
  path: Assets/Prefabs/background.png
  artifactKey: Guid(69a5ac72accf302448155ae302307d7b) Importer(815301076,1909f56bfc062723c751e8b465ee728b)
Start importing Assets/Prefabs/background.png using Guid(69a5ac72accf302448155ae302307d7b) Importer(815301076,1909f56bfc062723c751e8b465ee728b)  -> (artifact id: '0302d982cba26b73747132f1c304ef33') in 0,020897 seconds 
  Import took 0,023645 seconds .

========================================================================
Received Import Request.
  Time since last request: 0,000285 seconds.
  path: Assets/Prefabs/Ground long.prefab
  artifactKey: Guid(f4d4ca31f170166678b93d5f4d3b327b) Importer(815301076,1909f56bfc062723c751e8b465ee728b)
Start importing Assets/Prefabs/Ground long.prefab using Guid(f4d4ca31f170166678b93d5f4d3b327b) Importer(815301076,1909f56bfc062723c751e8b465ee728b)  -> (artifact id: 'dae8392a97dc99e55b31acab476b3be4') in 0,005447 seconds 
  Import took 0,008171 seconds .

========================================================================
Received Import Request.
  Time since last request: 0,000214 seconds.
  path: Assets/Prefabs/Background.prefab
  artifactKey: Guid(7f5816b9d778ab2b7b1c0c23eef95d6b) Importer(815301076,1909f56bfc062723c751e8b465ee728b)
Start importing Assets/Prefabs/Background.prefab using Guid(7f5816b9d778ab2b7b1c0c23eef95d6b) Importer(815301076,1909f56bfc062723c751e8b465ee728b)  -> (artifact id: '71055bf9dc73839023b0a207ed1a0261') in 0,005550 seconds 
  Import took 0,008047 seconds .

========================================================================
Received Import Request.
  Time since last request: 0,000135 seconds.
  path: Assets/Prefabs/Right Wall.prefab
  artifactKey: Guid(a19b62d1a5168969686625cefad0158b) Importer(815301076,1909f56bfc062723c751e8b465ee728b)
Start importing Assets/Prefabs/Right Wall.prefab using Guid(a19b62d1a5168969686625cefad0158b) Importer(815301076,1909f56bfc062723c751e8b465ee728b)  -> (artifact id: 'caaa1eb3d071888652fac079fa9abb85') in 0,004938 seconds 
  Import took 0,008187 seconds .

========================================================================
Received Import Request.
  Time since last request: 0,000136 seconds.
  path: Assets/Prefabs/Left Wall.prefab
  artifactKey: Guid(ba911728c3bf59963bca340e1c819816) Importer(815301076,1909f56bfc062723c751e8b465ee728b)
Start importing Assets/Prefabs/Left Wall.prefab using Guid(ba911728c3bf59963bca340e1c819816) Importer(815301076,1909f56bfc062723c751e8b465ee728b)  -> (artifact id: '884c67832284f789dd475a4111e8c814') in 0,006516 seconds 
  Import took 0,010161 seconds .

========================================================================
Received Import Request.
  Time since last request: 0,000117 seconds.
  path: Assets/Prefabs/Knight.prefab
  artifactKey: Guid(26a4fe45f1847e650b74d1c01961770c) Importer(815301076,1909f56bfc062723c751e8b465ee728b)
Start importing Assets/Prefabs/Knight.prefab using Guid(26a4fe45f1847e650b74d1c01961770c) Importer(815301076,1909f56bfc062723c751e8b465ee728b)  -> (artifact id: '5b431f70c96487cf1b42680d0461ebc7') in 0,009195 seconds 
  Import took 0,012885 seconds .

========================================================================
Received Import Request.
  Time since last request: 0,000123 seconds.
  path: Assets/Prefabs/Ceiling.prefab
  artifactKey: Guid(d10a85e8ad805c0c0a8ab72703962dae) Importer(815301076,1909f56bfc062723c751e8b465ee728b)
Start importing Assets/Prefabs/Ceiling.prefab using Guid(d10a85e8ad805c0c0a8ab72703962dae) Importer(815301076,1909f56bfc062723c751e8b465ee728b)  -> (artifact id: '9931ff7331ca558472107b179ddaf594') in 0,006567 seconds 
  Import took 0,010527 seconds .

========================================================================
Received Import Request.
  Time since last request: 0,000143 seconds.
  path: Assets/Prefabs/bgKiri1.png
  artifactKey: Guid(545bbfe0ccc6c874faa12440477f9518) Importer(815301076,1909f56bfc062723c751e8b465ee728b)
Start importing Assets/Prefabs/bgKiri1.png using Guid(545bbfe0ccc6c874faa12440477f9518) Importer(815301076,1909f56bfc062723c751e8b465ee728b)  -> (artifact id: 'd45cddccfefcec04ed71f043705df9e6') in 0,007856 seconds 
  Import took 0,011611 seconds .

========================================================================
Received Import Request.
  Time since last request: 0,000191 seconds.
  path: Assets/Prefabs/bgKanan1.png
  artifactKey: Guid(4acfac45016adca4d99ac08f906953ec) Importer(815301076,1909f56bfc062723c751e8b465ee728b)
Start importing Assets/Prefabs/bgKanan1.png using Guid(4acfac45016adca4d99ac08f906953ec) Importer(815301076,1909f56bfc062723c751e8b465ee728b)  -> (artifact id: '6ca29dee03f8e2cf3886b3deb60684da') in 0,007321 seconds 
  Import took 0,011058 seconds .

========================================================================
Received Import Request.
  Time since last request: 0,000124 seconds.
  path: Assets/Prefabs/Saw1.prefab
  artifactKey: Guid(e1dd36bc0b7e8ba4f9eb21b68537dc56) Importer(815301076,1909f56bfc062723c751e8b465ee728b)
Start importing Assets/Prefabs/Saw1.prefab using Guid(e1dd36bc0b7e8ba4f9eb21b68537dc56) Importer(815301076,1909f56bfc062723c751e8b465ee728b)  -> (artifact id: '075bdc5e4337f5af35d745b545be7e5a') in 0,007783 seconds 
  Import took 0,011115 seconds .

========================================================================
Received Import Request.
  Time since last request: 0,000193 seconds.
  path: Assets/Prefabs/Ground.prefab
  artifactKey: Guid(b28f91e61dbbd5cd7811c80039f64a3b) Importer(815301076,1909f56bfc062723c751e8b465ee728b)
Start importing Assets/Prefabs/Ground.prefab using Guid(b28f91e61dbbd5cd7811c80039f64a3b) Importer(815301076,1909f56bfc062723c751e8b465ee728b)  -> (artifact id: 'eb567352804beff331ba09f395076410') in 0,004820 seconds 
  Import took 0,007446 seconds .

========================================================================
Received Prepare
Registering precompiled user dll's ...
Registered in 0,001644 seconds.
Begin MonoManager ReloadAssembly
Native extension for LinuxStandalone target not found
Native extension for WindowsStandalone target not found
Refreshing native plugins compatible for Editor in 0,47 ms, found 1 plugins.
Preloading 0 native plugins for Editor in 0,00 ms.
Mono: successfully reloaded assembly
- Completed reload, in  0,822 seconds
Domain Reload Profiling:
	ReloadAssembly (822ms)
		BeginReloadAssembly (77ms)
			ExecutionOrderSort (0ms)
			DisableScriptedObjects (5ms)
			BackupInstance (0ms)
			ReleaseScriptingObjects (0ms)
			CreateAndSetChildDomain (32ms)
		EndReloadAssembly (699ms)
			LoadAssemblies (53ms)
			RebuildTransferFunctionScriptingTraits (0ms)
			SetupTypeCache (236ms)
			ReleaseScriptCaches (1ms)
			RebuildScriptCaches (41ms)
			SetupLoadedEditorAssemblies (259ms)
				LogAssemblyErrors (0ms)
				InitializePlatformSupportModulesInManaged (12ms)
				SetLoadedEditorAssemblies (0ms)
				RefreshPlugins (0ms)
				BeforeProcessingInitializeOnLoad (55ms)
				ProcessInitializeOnLoadAttributes (182ms)
				ProcessInitializeOnLoadMethodAttributes (5ms)
				AfterProcessingInitializeOnLoad (4ms)
				EditorAssembliesLoaded (0ms)
			ExecutionOrderSort2 (0ms)
			AwakeInstancesAfterBackupRestoration (10ms)
Platform modules already initialized, skipping
Refreshing native plugins compatible for Editor in 0,41 ms, found 1 plugins.
Preloading 0 native plugins for Editor in 0,00 ms.
Unloading 2109 Unused Serialized files (Serialized files now loaded: 0)
System memory in use before: 89,2 MB.
System memory in use after: 89,2 MB.

Unloading 14 unused Assets to reduce memory usage. Loaded Objects now: 2582.
Total: 4,824792 ms (FindLiveObjects: 0,254387 ms CreateObjectMapping: 0,122629 ms MarkObjects: 4,388548 ms  DeleteObjects: 0,058391 ms)

AssetImportParameters requested are different than current active one (requested -> active):
  custom:video-decoder-ogg-theora: a1e56fd34408186e4bbccfd4996cb3dc -> 
  custom:container-muxer-webm: aa71ff27fc2769a1b78a27578f13a17b -> 
  custom:container-demuxer-webm: 4f35f7cbe854078d1ac9338744f61a02 -> 
  custom:container-demuxer-ogg: 62fdf1f143b41e24485cea50d1cbac27 -> 
  custom:video-encoder-webm-vp8: eb34c28f22e8b96e1ab97ce403110664 -> 
  custom:video-decoder-webm-vp8: 9c59270c3fd7afecdb556c50c9e8de78 -> 
  custom:audio-decoder-ogg-vorbis: bf7c407c2cedff20999df2af8eb42d56 -> 
  custom:audio-encoder-webm-vorbis: bf7c407c2cedff20999df2af8eb42d56 -> 
========================================================================
Received Import Request.
  Time since last request: 2748,900726 seconds.
  path: Assets/Script/EnemyAttack.cs
  artifactKey: Guid(869d8f489399759f497a98f4a5afc042) Importer(815301076,1909f56bfc062723c751e8b465ee728b)
Start importing Assets/Script/EnemyAttack.cs using Guid(869d8f489399759f497a98f4a5afc042) Importer(815301076,1909f56bfc062723c751e8b465ee728b)  -> (artifact id: '583368f2481ad2171e57d2a94407be59') in 0,002494 seconds 
  Import took 0,005208 seconds .

========================================================================
Received Prepare
Registering precompiled user dll's ...
Registered in 0,002087 seconds.
Begin MonoManager ReloadAssembly
Native extension for LinuxStandalone target not found
Native extension for WindowsStandalone target not found
Refreshing native plugins compatible for Editor in 0,42 ms, found 1 plugins.
Preloading 0 native plugins for Editor in 0,00 ms.
Mono: successfully reloaded assembly
- Completed reload, in  0,761 seconds
Domain Reload Profiling:
	ReloadAssembly (762ms)
		BeginReloadAssembly (70ms)
			ExecutionOrderSort (0ms)
			DisableScriptedObjects (5ms)
			BackupInstance (0ms)
			ReleaseScriptingObjects (0ms)
			CreateAndSetChildDomain (27ms)
		EndReloadAssembly (645ms)
			LoadAssemblies (52ms)
			RebuildTransferFunctionScriptingTraits (0ms)
			SetupTypeCache (224ms)
			ReleaseScriptCaches (1ms)
			RebuildScriptCaches (39ms)
			SetupLoadedEditorAssemblies (232ms)
				LogAssemblyErrors (0ms)
				InitializePlatformSupportModulesInManaged (12ms)
				SetLoadedEditorAssemblies (1ms)
				RefreshPlugins (0ms)
				BeforeProcessingInitializeOnLoad (54ms)
				ProcessInitializeOnLoadAttributes (157ms)
				ProcessInitializeOnLoadMethodAttributes (4ms)
				AfterProcessingInitializeOnLoad (3ms)
				EditorAssembliesLoaded (0ms)
			ExecutionOrderSort2 (0ms)
			AwakeInstancesAfterBackupRestoration (9ms)
Platform modules already initialized, skipping
Refreshing native plugins compatible for Editor in 0,32 ms, found 1 plugins.
Preloading 0 native plugins for Editor in 0,00 ms.
Unloading 2109 Unused Serialized files (Serialized files now loaded: 0)
System memory in use before: 89,2 MB.
System memory in use after: 89,3 MB.

Unloading 14 unused Assets to reduce memory usage. Loaded Objects now: 2585.
Total: 4,041942 ms (FindLiveObjects: 0,176237 ms CreateObjectMapping: 0,063023 ms MarkObjects: 3,769547 ms  DeleteObjects: 0,032465 ms)

AssetImportParameters requested are different than current active one (requested -> active):
  custom:video-decoder-ogg-theora: a1e56fd34408186e4bbccfd4996cb3dc -> 
  custom:container-muxer-webm: aa71ff27fc2769a1b78a27578f13a17b -> 
  custom:container-demuxer-webm: 4f35f7cbe854078d1ac9338744f61a02 -> 
  custom:container-demuxer-ogg: 62fdf1f143b41e24485cea50d1cbac27 -> 
  custom:video-encoder-webm-vp8: eb34c28f22e8b96e1ab97ce403110664 -> 
  custom:video-decoder-webm-vp8: 9c59270c3fd7afecdb556c50c9e8de78 -> 
  custom:audio-decoder-ogg-vorbis: bf7c407c2cedff20999df2af8eb42d56 -> 
  custom:audio-encoder-webm-vorbis: bf7c407c2cedff20999df2af8eb42d56 -> 
========================================================================
Received Prepare
Registering precompiled user dll's ...
Registered in 0,001840 seconds.
Begin MonoManager ReloadAssembly
Native extension for LinuxStandalone target not found
Native extension for WindowsStandalone target not found
Refreshing native plugins compatible for Editor in 0,68 ms, found 1 plugins.
Preloading 0 native plugins for Editor in 0,00 ms.
Mono: successfully reloaded assembly
- Completed reload, in  1,082 seconds
Domain Reload Profiling:
	ReloadAssembly (1082ms)
		BeginReloadAssembly (96ms)
			ExecutionOrderSort (0ms)
			DisableScriptedObjects (7ms)
			BackupInstance (0ms)
			ReleaseScriptingObjects (0ms)
			CreateAndSetChildDomain (42ms)
		EndReloadAssembly (921ms)
			LoadAssemblies (67ms)
			RebuildTransferFunctionScriptingTraits (0ms)
			SetupTypeCache (338ms)
			ReleaseScriptCaches (1ms)
			RebuildScriptCaches (53ms)
			SetupLoadedEditorAssemblies (324ms)
				LogAssemblyErrors (0ms)
				InitializePlatformSupportModulesInManaged (18ms)
				SetLoadedEditorAssemblies (1ms)
				RefreshPlugins (1ms)
				BeforeProcessingInitializeOnLoad (70ms)
				ProcessInitializeOnLoadAttributes (225ms)
				ProcessInitializeOnLoadMethodAttributes (6ms)
				AfterProcessingInitializeOnLoad (3ms)
				EditorAssembliesLoaded (0ms)
			ExecutionOrderSort2 (0ms)
			AwakeInstancesAfterBackupRestoration (14ms)
Platform modules already initialized, skipping
Refreshing native plugins compatible for Editor in 1,22 ms, found 1 plugins.
Preloading 0 native plugins for Editor in 0,00 ms.
Unloading 2109 Unused Serialized files (Serialized files now loaded: 0)
System memory in use before: 89,2 MB.
System memory in use after: 89,3 MB.

Unloading 14 unused Assets to reduce memory usage. Loaded Objects now: 2588.
Total: 5,171837 ms (FindLiveObjects: 0,358202 ms CreateObjectMapping: 0,169559 ms MarkObjects: 4,589261 ms  DeleteObjects: 0,053436 ms)

AssetImportParameters requested are different than current active one (requested -> active):
  custom:video-decoder-ogg-theora: a1e56fd34408186e4bbccfd4996cb3dc -> 
  custom:container-muxer-webm: aa71ff27fc2769a1b78a27578f13a17b -> 
  custom:container-demuxer-webm: 4f35f7cbe854078d1ac9338744f61a02 -> 
  custom:container-demuxer-ogg: 62fdf1f143b41e24485cea50d1cbac27 -> 
  custom:video-encoder-webm-vp8: eb34c28f22e8b96e1ab97ce403110664 -> 
  custom:video-decoder-webm-vp8: 9c59270c3fd7afecdb556c50c9e8de78 -> 
  custom:audio-decoder-ogg-vorbis: bf7c407c2cedff20999df2af8eb42d56 -> 
  custom:audio-encoder-webm-vorbis: bf7c407c2cedff20999df2af8eb42d56 -> 
========================================================================
Received Prepare
Registering precompiled user dll's ...
Registered in 0,002361 seconds.
Begin MonoManager ReloadAssembly
Native extension for LinuxStandalone target not found
Native extension for WindowsStandalone target not found
Refreshing native plugins compatible for Editor in 1,35 ms, found 1 plugins.
Preloading 0 native plugins for Editor in 0,00 ms.
Mono: successfully reloaded assembly
- Completed reload, in  1,817 seconds
Domain Reload Profiling:
	ReloadAssembly (1818ms)
		BeginReloadAssembly (210ms)
			ExecutionOrderSort (0ms)
			DisableScriptedObjects (12ms)
			BackupInstance (0ms)
			ReleaseScriptingObjects (0ms)
			CreateAndSetChildDomain (120ms)
		EndReloadAssembly (1480ms)
			LoadAssemblies (139ms)
			RebuildTransferFunctionScriptingTraits (0ms)
			SetupTypeCache (538ms)
			ReleaseScriptCaches (2ms)
			RebuildScriptCaches (85ms)
			SetupLoadedEditorAssemblies (507ms)
				LogAssemblyErrors (0ms)
				InitializePlatformSupportModulesInManaged (29ms)
				SetLoadedEditorAssemblies (1ms)
				RefreshPlugins (1ms)
				BeforeProcessingInitializeOnLoad (113ms)
				ProcessInitializeOnLoadAttributes (350ms)
				ProcessInitializeOnLoadMethodAttributes (8ms)
				AfterProcessingInitializeOnLoad (4ms)
				EditorAssembliesLoaded (0ms)
			ExecutionOrderSort2 (0ms)
			AwakeInstancesAfterBackupRestoration (17ms)
Platform modules already initialized, skipping
Refreshing native plugins compatible for Editor in 1,20 ms, found 1 plugins.
Preloading 0 native plugins for Editor in 0,00 ms.
Unloading 2109 Unused Serialized files (Serialized files now loaded: 0)
System memory in use before: 89,2 MB.
System memory in use after: 89,3 MB.

Unloading 14 unused Assets to reduce memory usage. Loaded Objects now: 2591.
Total: 8,552850 ms (FindLiveObjects: 0,882446 ms CreateObjectMapping: 0,261847 ms MarkObjects: 7,339154 ms  DeleteObjects: 0,066444 ms)

AssetImportParameters requested are different than current active one (requested -> active):
  custom:video-decoder-ogg-theora: a1e56fd34408186e4bbccfd4996cb3dc -> 
  custom:container-muxer-webm: aa71ff27fc2769a1b78a27578f13a17b -> 
  custom:container-demuxer-webm: 4f35f7cbe854078d1ac9338744f61a02 -> 
  custom:container-demuxer-ogg: 62fdf1f143b41e24485cea50d1cbac27 -> 
  custom:video-encoder-webm-vp8: eb34c28f22e8b96e1ab97ce403110664 -> 
  custom:video-decoder-webm-vp8: 9c59270c3fd7afecdb556c50c9e8de78 -> 
  custom:audio-decoder-ogg-vorbis: bf7c407c2cedff20999df2af8eb42d56 -> 
  custom:audio-encoder-webm-vorbis: bf7c407c2cedff20999df2af8eb42d56 -> 
========================================================================
Received Prepare
Registering precompiled user dll's ...
Registered in 0,001778 seconds.
Begin MonoManager ReloadAssembly
Native extension for LinuxStandalone target not found
Native extension for WindowsStandalone target not found
Refreshing native plugins compatible for Editor in 0,52 ms, found 1 plugins.
Preloading 0 native plugins for Editor in 0,00 ms.
Mono: successfully reloaded assembly
- Completed reload, in  1,096 seconds
Domain Reload Profiling:
	ReloadAssembly (1096ms)
		BeginReloadAssembly (109ms)
			ExecutionOrderSort (0ms)
			DisableScriptedObjects (7ms)
			BackupInstance (0ms)
			ReleaseScriptingObjects (0ms)
			CreateAndSetChildDomain (53ms)
		EndReloadAssembly (926ms)
			LoadAssemblies (75ms)
			RebuildTransferFunctionScriptingTraits (0ms)
			SetupTypeCache (342ms)
			ReleaseScriptCaches (1ms)
			RebuildScriptCaches (55ms)
			SetupLoadedEditorAssemblies (314ms)
				LogAssemblyErrors (0ms)
				InitializePlatformSupportModulesInManaged (16ms)
				SetLoadedEditorAssemblies (0ms)
				RefreshPlugins (1ms)
				BeforeProcessingInitializeOnLoad (70ms)
				ProcessInitializeOnLoadAttributes (217ms)
				ProcessInitializeOnLoadMethodAttributes (6ms)
				AfterProcessingInitializeOnLoad (3ms)
				EditorAssembliesLoaded (0ms)
			ExecutionOrderSort2 (0ms)
			AwakeInstancesAfterBackupRestoration (12ms)
Platform modules already initialized, skipping
Refreshing native plugins compatible for Editor in 0,65 ms, found 1 plugins.
Preloading 0 native plugins for Editor in 0,00 ms.
Unloading 2109 Unused Serialized files (Serialized files now loaded: 0)
System memory in use before: 89,3 MB.
System memory in use after: 89,3 MB.

Unloading 14 unused Assets to reduce memory usage. Loaded Objects now: 2594.
Total: 5,357706 ms (FindLiveObjects: 0,280877 ms CreateObjectMapping: 0,099650 ms MarkObjects: 4,919565 ms  DeleteObjects: 0,056433 ms)

AssetImportParameters requested are different than current active one (requested -> active):
  custom:video-decoder-ogg-theora: a1e56fd34408186e4bbccfd4996cb3dc -> 
  custom:container-muxer-webm: aa71ff27fc2769a1b78a27578f13a17b -> 
  custom:container-demuxer-webm: 4f35f7cbe854078d1ac9338744f61a02 -> 
  custom:container-demuxer-ogg: 62fdf1f143b41e24485cea50d1cbac27 -> 
  custom:video-encoder-webm-vp8: eb34c28f22e8b96e1ab97ce403110664 -> 
  custom:video-decoder-webm-vp8: 9c59270c3fd7afecdb556c50c9e8de78 -> 
  custom:audio-decoder-ogg-vorbis: bf7c407c2cedff20999df2af8eb42d56 -> 
  custom:audio-encoder-webm-vorbis: bf7c407c2cedff20999df2af8eb42d56 -> 
AssetImportWorkerClient::OnTransportError - code=2 error=End of file
